<?xml version="1.0" encoding="UTF-8"?>
<!-- Generated by org.testng.reporters.JUnitReportReporter -->
<testsuite hostname="DESKTOP-MNPBH4U" failures="0" tests="1" name="testNG.notificationdisable" time="60.545" errors="0" timestamp="2024-07-26T14:40:31 IST" skipped="0">
  <testcase classname="testNG.notificationdisable" name="test" time="60.545"/>
  <system-out/>
</testsuite> <!-- testNG.notificationdisable -->
