<?xml version="1.0" encoding="UTF-8"?>
<!-- Generated by org.testng.reporters.JUnitReportReporter -->
<testsuite hostname="DESKTOP-MNPBH4U" failures="0" tests="1" name="testNG.draganddropmethod" time="32.266" errors="0" timestamp="2024-07-22T17:25:44 IST" skipped="0">
  <testcase classname="testNG.draganddropmethod" name="test" time="32.266"/>
  <system-out/>
</testsuite> <!-- testNG.draganddropmethod -->
