<?xml version="1.0" encoding="UTF-8"?>
<!-- Generated by org.testng.reporters.JUnitReportReporter -->
<testsuite hostname="DESKTOP-MNPBH4U" failures="0" tests="1" name="test.taskblazetest" time="5.274" errors="0" timestamp="2024-08-03T10:42:16 IST" skipped="0">
  <testcase classname="test.taskblazetest" name="test" time="5.274"/>
  <system-out/>
</testsuite> <!-- test.taskblazetest -->
