<?xml version="1.0" encoding="UTF-8"?>
<!-- Generated by org.testng.reporters.JUnitReportReporter -->
<testsuite hostname="DESKTOP-MNPBH4U" failures="0" tests="1" name="testNG.fileuploadrobot" time="11.604" errors="0" timestamp="2024-07-23T19:04:47 IST" skipped="0">
  <testcase classname="testNG.fileuploadrobot" name="test" time="11.604"/>
  <system-out/>
</testsuite> <!-- testNG.fileuploadrobot -->
