<?xml version="1.0" encoding="UTF-8"?>
<!-- Generated by org.testng.reporters.JUnitReportReporter -->
<testsuite hostname="DESKTOP-MNPBH4U" failures="0" tests="1" name="testNG.taskdatadrivensauce" time="9.581" errors="0" timestamp="2024-07-26T10:03:44 IST" skipped="0">
  <testcase classname="testNG.taskdatadrivensauce" name="test" time="9.581"/>
  <system-out/>
</testsuite> <!-- testNG.taskdatadrivensauce -->
