<?xml version="1.0" encoding="UTF-8"?>
<!-- Generated by org.testng.reporters.JUnitReportReporter -->
<testsuite hostname="DESKTOP-MNPBH4U" failures="0" tests="1" name="testNG.scrolldown" time="19.175" errors="0" timestamp="2024-07-27T10:11:41 IST" skipped="0">
  <testcase classname="testNG.scrolldown" name="test" time="19.175"/>
  <system-out/>
</testsuite> <!-- testNG.scrolldown -->
