<?xml version="1.0" encoding="UTF-8"?>
<!-- Generated by org.testng.reporters.JUnitReportReporter -->
<testsuite hostname="DESKTOP-MNPBH4U" failures="0" tests="1" name="testNG.actionsclass" time="10.629" errors="0" timestamp="2024-07-22T12:15:53 IST" skipped="0">
  <testcase classname="testNG.actionsclass" name="test" time="10.629"/>
  <system-out/>
</testsuite> <!-- testNG.actionsclass -->
