<?xml version="1.0" encoding="UTF-8"?>
<!-- Generated by org.testng.reporters.JUnitReportReporter -->
<testsuite hostname="DESKTOP-MNPBH4U" failures="0" tests="1" name="testNG.amazontask" time="12.919" errors="0" timestamp="2024-08-02T11:10:32 IST" skipped="0">
  <testcase classname="testNG.amazontask" name="test" time="12.919"/>
  <system-out/>
</testsuite> <!-- testNG.amazontask -->
