<?xml version="1.0" encoding="UTF-8"?>
<!-- Generated by org.testng.reporters.JUnitReportReporter -->
<testsuite hostname="DESKTOP-MNPBH4U" failures="0" tests="1" name="testNG.taskguru99" time="14.639" errors="0" timestamp="2024-07-23T18:53:21 IST" skipped="0">
  <testcase classname="testNG.taskguru99" name="test" time="14.639"/>
  <system-out/>
</testsuite> <!-- testNG.taskguru99 -->
