<?xml version="1.0" encoding="UTF-8"?>
<!-- Generated by org.testng.reporters.JUnitReportReporter -->
<testsuite hostname="DESKTOP-MNPBH4U" failures="0" tests="1" name="testNG.parameters" time="0.041" errors="0" timestamp="2024-07-19T18:27:38 IST" skipped="0">
  <testcase classname="testNG.parameters" name="main" time="0.041"/>
  <system-out/>
</testsuite> <!-- testNG.parameters -->
