<?xml version="1.0" encoding="UTF-8"?>
<!-- Generated by org.testng.reporters.JUnitReportReporter -->
<testsuite hostname="DESKTOP-MNPBH4U" failures="0" tests="1" name="testNG.mouseover" time="28.671" errors="0" timestamp="2024-07-24T11:06:57 IST" skipped="0">
  <testcase classname="testNG.mouseover" name="test" time="28.671"/>
  <system-out/>
</testsuite> <!-- testNG.mouseover -->
