<?xml version="1.0" encoding="UTF-8"?>
<!-- Generated by org.testng.reporters.JUnitReportReporter -->
<testsuite hostname="DESKTOP-MNPBH4U" failures="0" tests="1" name="testNG.facebookdropdown" time="20.667" errors="0" timestamp="2024-07-18T17:37:17 IST" skipped="0">
  <testcase classname="testNG.facebookdropdown" name="test" time="20.667"/>
  <system-out/>
</testsuite> <!-- testNG.facebookdropdown -->
