<?xml version="1.0" encoding="UTF-8"?>
<!-- Generated by org.testng.reporters.JUnitReportReporter -->
<testsuite hostname="DESKTOP-MNPBH4U" failures="0" tests="1" name="testNG.taskrightclick" time="14.897" errors="0" timestamp="2024-07-23T11:16:09 IST" skipped="0">
  <testcase classname="testNG.taskrightclick" name="test" time="14.897"/>
  <system-out/>
</testsuite> <!-- testNG.taskrightclick -->
