<?xml version="1.0" encoding="UTF-8"?>
<!-- Generated by org.testng.reporters.JUnitReportReporter -->
<testsuite hostname="DESKTOP-MNPBH4U" failures="0" tests="3" name="testNG.grouping" time="0.034" errors="0" timestamp="2024-07-19T12:51:12 IST" skipped="0">
  <testcase classname="testNG.grouping" name="main1" time="0.027"/>
  <system-out/>
  <testcase classname="testNG.grouping" name="main4" time="0.004"/>
  <system-out/>
  <testcase classname="testNG.grouping" name="main2" time="0.003"/>
  <system-out/>
</testsuite> <!-- testNG.grouping -->
