<?xml version="1.0" encoding="UTF-8"?>
<!-- Generated by org.testng.reporters.JUnitReportReporter -->
<testsuite hostname="DESKTOP-MNPBH4U" failures="0" tests="4" name="testNG.feautures" time="0.049" errors="0" timestamp="2024-07-18T12:52:12 IST" skipped="1">
  <testcase classname="testNG.feautures" name="test3" time="0.011"/>
  <system-out/>
  <testcase classname="testNG.feautures" name="test2" time="0.024"/>
  <system-out/>
  <testcase classname="testNG.feautures" name="test2" time="0.014"/>
  <system-out/>
  <testcase classname="testNG.feautures" name="test1">
    <skipped/>
  </testcase> <!-- test1 -->
  <system-out/>
</testsuite> <!-- testNG.feautures -->
