<?xml version="1.0" encoding="UTF-8"?>
<!-- Generated by org.testng.reporters.JUnitReportReporter -->
<testsuite hostname="DESKTOP-MNPBH4U" failures="0" tests="1" name="testNG.loginvalidation" time="6.227" errors="0" timestamp="2024-07-26T10:07:48 IST" skipped="0">
  <testcase classname="testNG.loginvalidation" name="test" time="6.227"/>
  <system-out/>
</testsuite> <!-- testNG.loginvalidation -->
